{"C:\\Users\\Jcoln\\Downloads\\prueba-backend\\src\\app.controller.ts": {"path":"C:\\Users\\Jcoln\\Downloads\\prueba-backend\\src\\app.controller.ts","statementMap":{"0":{"start":{"line":1,"column":0},"end":{"line":1,"column":49}},"1":{"start":{"line":2,"column":0},"end":{"line":2,"column":43}},"2":{"start":{"line":5,"column":7},"end":{"line":12,"column":null}},"3":{"start":{"line":6,"column":31},"end":{"line":6,"column":43}},"4":{"start":{"line":10,"column":4},"end":{"line":10,"column":38}},"5":{"start":{"line":5,"column":13},"end":{"line":5,"column":26}},"6":{"start":{"line":9,"column":2},"end":{"line":11,"column":null}},"7":{"start":{"line":5,"column":13},"end":{"line":12,"column":null}}},"fnMap":{"0":{"name":"(anonymous_2)","decl":{"start":{"line":6,"column":2},"end":{"line":6,"column":31}},"loc":{"start":{"line":6,"column":53},"end":{"line":6,"column":57}}},"1":{"name":"(anonymous_3)","decl":{"start":{"line":9,"column":2},"end":{"line":9,"column":10}},"loc":{"start":{"line":9,"column":10},"end":{"line":11,"column":3}}}},"branchMap":{"0":{"loc":{"start":{"line":6,"column":43},"end":{"line":6,"column":56}},"type":"cond-expr","locations":[{"start":{"line":6,"column":53},"end":{"line":6,"column":56}},{"start":{"line":6,"column":53},"end":{"line":6,"column":56}}]},"1":{"loc":{"start":{"line":6,"column":43},"end":{"line":6,"column":53}},"type":"binary-expr","locations":[{"start":{"line":6,"column":43},"end":{"line":6,"column":56}},{"start":{"line":6,"column":43},"end":{"line":6,"column":53}}]}},"s":{"0":1,"1":1,"2":1,"3":1,"4":1,"5":1,"6":1,"7":1},"f":{"0":1,"1":1},"b":{"0":[1,0],"1":[1,1]}}
,"C:\\Users\\Jcoln\\Downloads\\prueba-backend\\src\\app.module.ts": {"path":"C:\\Users\\Jcoln\\Downloads\\prueba-backend\\src\\app.module.ts","statementMap":{"0":{"start":{"line":1,"column":0},"end":{"line":1,"column":40}},"1":{"start":{"line":2,"column":0},"end":{"line":2,"column":48}},"2":{"start":{"line":3,"column":0},"end":{"line":3,"column":56}},"3":{"start":{"line":4,"column":0},"end":{"line":4,"column":60}},"4":{"start":{"line":12,"column":7},"end":{"line":12,"column":null}},"5":{"start":{"line":12,"column":13},"end":{"line":12,"column":22}},"6":{"start":{"line":12,"column":13},"end":{"line":12,"column":null}}},"fnMap":{},"branchMap":{},"s":{"0":0,"1":0,"2":0,"3":0,"4":0,"5":0,"6":0},"f":{},"b":{}}
,"C:\\Users\\Jcoln\\Downloads\\prueba-backend\\src\\app.service.ts": {"path":"C:\\Users\\Jcoln\\Downloads\\prueba-backend\\src\\app.service.ts","statementMap":{"0":{"start":{"line":1,"column":0},"end":{"line":1,"column":44}},"1":{"start":{"line":4,"column":7},"end":{"line":8,"column":null}},"2":{"start":{"line":6,"column":4},"end":{"line":6,"column":26}},"3":{"start":{"line":4,"column":13},"end":{"line":4,"column":23}},"4":{"start":{"line":4,"column":13},"end":{"line":8,"column":null}}},"fnMap":{"0":{"name":"(anonymous_1)","decl":{"start":{"line":5,"column":2},"end":{"line":5,"column":10}},"loc":{"start":{"line":5,"column":10},"end":{"line":7,"column":3}}}},"branchMap":{},"s":{"0":1,"1":1,"2":1,"3":1,"4":1},"f":{"0":1},"b":{}}
,"C:\\Users\\Jcoln\\Downloads\\prueba-backend\\src\\main.ts": {"path":"C:\\Users\\Jcoln\\Downloads\\prueba-backend\\src\\main.ts","statementMap":{"0":{"start":{"line":1,"column":0},"end":{"line":1,"column":43}},"1":{"start":{"line":2,"column":0},"end":{"line":2,"column":41}},"2":{"start":{"line":3,"column":0},"end":{"line":3,"column":65}},"3":{"start":{"line":4,"column":0},"end":{"line":4,"column":77}},"4":{"start":{"line":7,"column":14},"end":{"line":7,"column":49}},"5":{"start":{"line":9,"column":17},"end":{"line":13,"column":12}},"6":{"start":{"line":15,"column":19},"end":{"line":15,"column":60}},"7":{"start":{"line":16,"column":2},"end":{"line":16,"column":44}},"8":{"start":{"line":18,"column":2},"end":{"line":18,"column":50}},"9":{"start":{"line":20,"column":2},"end":{"line":20,"column":25}},"10":{"start":{"line":22,"column":0},"end":{"line":22,"column":12}}},"fnMap":{"0":{"name":"bootstrap","decl":{"start":{"line":6,"column":15},"end":{"line":6,"column":24}},"loc":{"start":{"line":6,"column":24},"end":{"line":21,"column":1}}}},"branchMap":{},"s":{"0":0,"1":0,"2":0,"3":0,"4":0,"5":0,"6":0,"7":0,"8":0,"9":0,"10":0},"f":{"0":0},"b":{}}
,"C:\\Users\\Jcoln\\Downloads\\prueba-backend\\src\\common\\filters\\http-exception.filter.ts": {"path":"C:\\Users\\Jcoln\\Downloads\\prueba-backend\\src\\common\\filters\\http-exception.filter.ts","statementMap":{"0":{"start":{"line":1,"column":0},"end":{"line":1,"column":86}},"1":{"start":{"line":5,"column":7},"end":{"line":18,"column":null}},"2":{"start":{"line":7,"column":16},"end":{"line":7,"column":35}},"3":{"start":{"line":8,"column":21},"end":{"line":8,"column":48}},"4":{"start":{"line":9,"column":19},"end":{"line":9,"column":40}},"5":{"start":{"line":10,"column":20},"end":{"line":10,"column":37}},"6":{"start":{"line":12,"column":4},"end":{"line":16,"column":7}},"7":{"start":{"line":5,"column":13},"end":{"line":5,"column":32}},"8":{"start":{"line":5,"column":13},"end":{"line":18,"column":null}}},"fnMap":{"0":{"name":"(anonymous_1)","decl":{"start":{"line":6,"column":2},"end":{"line":6,"column":7}},"loc":{"start":{"line":6,"column":53},"end":{"line":17,"column":3}}}},"branchMap":{},"s":{"0":0,"1":0,"2":0,"3":0,"4":0,"5":0,"6":0,"7":0,"8":0},"f":{"0":0},"b":{}}
,"C:\\Users\\Jcoln\\Downloads\\prueba-backend\\src\\config\\typeorm.config.ts": {"path":"C:\\Users\\Jcoln\\Downloads\\prueba-backend\\src\\config\\typeorm.config.ts","statementMap":{"0":{"start":{"line":2,"column":0},"end":{"line":2,"column":32}},"1":{"start":{"line":3,"column":0},"end":{"line":3,"column":55}},"2":{"start":{"line":5,"column":0},"end":{"line":5,"column":9}},"3":{"start":{"line":7,"column":13},"end":{"line":16,"column":2}}},"fnMap":{},"branchMap":{"0":{"loc":{"start":{"line":10,"column":17},"end":{"line":10,"column":46}},"type":"binary-expr","locations":[{"start":{"line":10,"column":17},"end":{"line":10,"column":36}},{"start":{"line":10,"column":40},"end":{"line":10,"column":46}}]}},"s":{"0":0,"1":0,"2":0,"3":0},"f":{},"b":{"0":[0,0]}}
,"C:\\Users\\Jcoln\\Downloads\\prueba-backend\\src\\producto\\producto.controller.ts": {"path":"C:\\Users\\Jcoln\\Downloads\\prueba-backend\\src\\producto\\producto.controller.ts","statementMap":{"0":{"start":{"line":1,"column":0},"end":{"line":1,"column":null}},"1":{"start":{"line":12,"column":0},"end":{"line":12,"column":53}},"2":{"start":{"line":13,"column":0},"end":{"line":13,"column":62}},"3":{"start":{"line":14,"column":0},"end":{"line":14,"column":62}},"4":{"start":{"line":15,"column":0},"end":{"line":15,"column":64}},"5":{"start":{"line":19,"column":7},"end":{"line":107,"column":null}},"6":{"start":{"line":20,"column":31},"end":{"line":20,"column":48}},"7":{"start":{"line":38,"column":4},"end":{"line":38,"column":45}},"8":{"start":{"line":57,"column":4},"end":{"line":57,"column":42}},"9":{"start":{"line":74,"column":4},"end":{"line":74,"column":44}},"10":{"start":{"line":93,"column":4},"end":{"line":93,"column":49}},"11":{"start":{"line":105,"column":4},"end":{"line":105,"column":43}},"12":{"start":{"line":19,"column":13},"end":{"line":19,"column":31}},"13":{"start":{"line":37,"column":2},"end":{"line":39,"column":null}},"14":{"start":{"line":56,"column":2},"end":{"line":58,"column":null}},"15":{"start":{"line":73,"column":2},"end":{"line":75,"column":null}},"16":{"start":{"line":92,"column":2},"end":{"line":94,"column":null}},"17":{"start":{"line":104,"column":2},"end":{"line":106,"column":null}},"18":{"start":{"line":19,"column":13},"end":{"line":107,"column":null}}},"fnMap":{"0":{"name":"(anonymous_4)","decl":{"start":{"line":20,"column":2},"end":{"line":20,"column":31}},"loc":{"start":{"line":20,"column":63},"end":{"line":20,"column":67}}},"1":{"name":"(anonymous_5)","decl":{"start":{"line":37,"column":2},"end":{"line":37,"column":8}},"loc":{"start":{"line":37,"column":40},"end":{"line":39,"column":3}}},"2":{"name":"(anonymous_6)","decl":{"start":{"line":56,"column":2},"end":{"line":56,"column":9}},"loc":{"start":{"line":56,"column":9},"end":{"line":58,"column":3}}},"3":{"name":"(anonymous_7)","decl":{"start":{"line":73,"column":2},"end":{"line":73,"column":9}},"loc":{"start":{"line":73,"column":33},"end":{"line":75,"column":3}}},"4":{"name":"(anonymous_8)","decl":{"start":{"line":92,"column":2},"end":{"line":92,"column":8}},"loc":{"start":{"line":92,"column":65},"end":{"line":94,"column":3}}},"5":{"name":"(anonymous_9)","decl":{"start":{"line":104,"column":2},"end":{"line":104,"column":8}},"loc":{"start":{"line":104,"column":32},"end":{"line":106,"column":3}}}},"branchMap":{"0":{"loc":{"start":{"line":37,"column":23},"end":{"line":37,"column":null}},"type":"cond-expr","locations":[{"start":{"line":37,"column":40},"end":{"line":37,"column":null}},{"start":{"line":37,"column":40},"end":{"line":37,"column":null}}]},"1":{"loc":{"start":{"line":37,"column":23},"end":{"line":37,"column":40}},"type":"binary-expr","locations":[{"start":{"line":37,"column":23},"end":{"line":37,"column":null}},{"start":{"line":37,"column":23},"end":{"line":37,"column":40}}]},"2":{"loc":{"start":{"line":92,"column":48},"end":{"line":92,"column":null}},"type":"cond-expr","locations":[{"start":{"line":92,"column":65},"end":{"line":92,"column":null}},{"start":{"line":92,"column":65},"end":{"line":92,"column":null}}]},"3":{"loc":{"start":{"line":92,"column":48},"end":{"line":92,"column":65}},"type":"binary-expr","locations":[{"start":{"line":92,"column":48},"end":{"line":92,"column":null}},{"start":{"line":92,"column":48},"end":{"line":92,"column":65}}]},"4":{"loc":{"start":{"line":20,"column":48},"end":{"line":20,"column":66}},"type":"cond-expr","locations":[{"start":{"line":20,"column":63},"end":{"line":20,"column":66}},{"start":{"line":20,"column":63},"end":{"line":20,"column":66}}]},"5":{"loc":{"start":{"line":20,"column":48},"end":{"line":20,"column":63}},"type":"binary-expr","locations":[{"start":{"line":20,"column":48},"end":{"line":20,"column":66}},{"start":{"line":20,"column":48},"end":{"line":20,"column":63}}]}},"s":{"0":1,"1":1,"2":1,"3":1,"4":1,"5":1,"6":5,"7":1,"8":1,"9":1,"10":1,"11":1,"12":1,"13":1,"14":1,"15":1,"16":1,"17":1,"18":1},"f":{"0":5,"1":1,"2":1,"3":1,"4":1,"5":1},"b":{"0":[1,0],"1":[1,1],"2":[1,0],"3":[1,1],"4":[1,0],"5":[1,1]}}
,"C:\\Users\\Jcoln\\Downloads\\prueba-backend\\src\\producto\\producto.entity.ts": {"path":"C:\\Users\\Jcoln\\Downloads\\prueba-backend\\src\\producto\\producto.entity.ts","statementMap":{"0":{"start":{"line":1,"column":0},"end":{"line":1,"column":65}},"1":{"start":{"line":4,"column":7},"end":{"line":16,"column":null}},"2":{"start":{"line":4,"column":13},"end":{"line":4,"column":21}},"3":{"start":{"line":6,"column":2},"end":{"line":6,"column":null}},"4":{"start":{"line":9,"column":2},"end":{"line":9,"column":null}},"5":{"start":{"line":12,"column":2},"end":{"line":12,"column":null}},"6":{"start":{"line":15,"column":2},"end":{"line":15,"column":null}},"7":{"start":{"line":4,"column":13},"end":{"line":16,"column":null}}},"fnMap":{},"branchMap":{},"s":{"0":2,"1":2,"2":2,"3":2,"4":2,"5":2,"6":2,"7":2},"f":{},"b":{}}
,"C:\\Users\\Jcoln\\Downloads\\prueba-backend\\src\\producto\\producto.module.ts": {"path":"C:\\Users\\Jcoln\\Downloads\\prueba-backend\\src\\producto\\producto.module.ts","statementMap":{"0":{"start":{"line":1,"column":0},"end":{"line":1,"column":40}},"1":{"start":{"line":2,"column":0},"end":{"line":2,"column":48}},"2":{"start":{"line":3,"column":0},"end":{"line":3,"column":45}},"3":{"start":{"line":4,"column":0},"end":{"line":4,"column":53}},"4":{"start":{"line":5,"column":0},"end":{"line":5,"column":59}},"5":{"start":{"line":12,"column":7},"end":{"line":12,"column":null}},"6":{"start":{"line":12,"column":13},"end":{"line":12,"column":27}},"7":{"start":{"line":12,"column":13},"end":{"line":12,"column":null}}},"fnMap":{},"branchMap":{},"s":{"0":0,"1":0,"2":0,"3":0,"4":0,"5":0,"6":0,"7":0},"f":{},"b":{}}
,"C:\\Users\\Jcoln\\Downloads\\prueba-backend\\src\\producto\\producto.service.ts": {"path":"C:\\Users\\Jcoln\\Downloads\\prueba-backend\\src\\producto\\producto.service.ts","statementMap":{"0":{"start":{"line":1,"column":0},"end":{"line":1,"column":63}},"1":{"start":{"line":2,"column":0},"end":{"line":2,"column":51}},"2":{"start":{"line":3,"column":0},"end":{"line":3,"column":37}},"3":{"start":{"line":4,"column":0},"end":{"line":4,"column":45}},"4":{"start":{"line":7,"column":7},"end":{"line":44,"column":null}},"5":{"start":{"line":10,"column":12},"end":{"line":10,"column":26}},"6":{"start":{"line":14,"column":4},"end":{"line":14,"column":40}},"7":{"start":{"line":18,"column":4},"end":{"line":18,"column":36}},"8":{"start":{"line":22,"column":21},"end":{"line":22,"column":62}},"9":{"start":{"line":23,"column":4},"end":{"line":25,"column":5}},"10":{"start":{"line":24,"column":6},"end":{"line":24,"column":73}},"11":{"start":{"line":26,"column":4},"end":{"line":26,"column":20}},"12":{"start":{"line":30,"column":19},"end":{"line":30,"column":59}},"13":{"start":{"line":31,"column":4},"end":{"line":33,"column":5}},"14":{"start":{"line":32,"column":6},"end":{"line":32,"column":77}},"15":{"start":{"line":34,"column":4},"end":{"line":34,"column":28}},"16":{"start":{"line":38,"column":19},"end":{"line":38,"column":53}},"17":{"start":{"line":39,"column":4},"end":{"line":41,"column":5}},"18":{"start":{"line":40,"column":6},"end":{"line":40,"column":75}},"19":{"start":{"line":42,"column":4},"end":{"line":42,"column":29}},"20":{"start":{"line":7,"column":13},"end":{"line":7,"column":28}},"21":{"start":{"line":7,"column":13},"end":{"line":44,"column":null}}},"fnMap":{"0":{"name":"(anonymous_4)","decl":{"start":{"line":8,"column":2},"end":{"line":8,"column":null}},"loc":{"start":{"line":10,"column":46},"end":{"line":11,"column":6}}},"1":{"name":"(anonymous_5)","decl":{"start":{"line":13,"column":2},"end":{"line":13,"column":7}},"loc":{"start":{"line":13,"column":38},"end":{"line":15,"column":3}}},"2":{"name":"(anonymous_6)","decl":{"start":{"line":17,"column":2},"end":{"line":17,"column":7}},"loc":{"start":{"line":17,"column":15},"end":{"line":19,"column":3}}},"3":{"name":"(anonymous_7)","decl":{"start":{"line":21,"column":2},"end":{"line":21,"column":7}},"loc":{"start":{"line":21,"column":26},"end":{"line":27,"column":3}}},"4":{"name":"(anonymous_8)","decl":{"start":{"line":29,"column":2},"end":{"line":29,"column":7}},"loc":{"start":{"line":29,"column":50},"end":{"line":35,"column":3}}},"5":{"name":"(anonymous_9)","decl":{"start":{"line":37,"column":2},"end":{"line":37,"column":7}},"loc":{"start":{"line":37,"column":25},"end":{"line":43,"column":3}}}},"branchMap":{"0":{"loc":{"start":{"line":23,"column":4},"end":{"line":25,"column":5}},"type":"if","locations":[{"start":{"line":23,"column":4},"end":{"line":25,"column":5}},{"start":{},"end":{}}]},"1":{"loc":{"start":{"line":31,"column":4},"end":{"line":33,"column":5}},"type":"if","locations":[{"start":{"line":31,"column":4},"end":{"line":33,"column":5}},{"start":{},"end":{}}]},"2":{"loc":{"start":{"line":39,"column":4},"end":{"line":41,"column":5}},"type":"if","locations":[{"start":{"line":39,"column":4},"end":{"line":41,"column":5}},{"start":{},"end":{}}]},"3":{"loc":{"start":{"line":10,"column":26},"end":{"line":10,"column":46}},"type":"cond-expr","locations":[{"start":{"line":10,"column":36},"end":{"line":10,"column":46}},{"start":{"line":10,"column":36},"end":{"line":10,"column":46}}]},"4":{"loc":{"start":{"line":10,"column":26},"end":{"line":10,"column":36}},"type":"binary-expr","locations":[{"start":{"line":10,"column":26},"end":{"line":10,"column":46}},{"start":{"line":10,"column":26},"end":{"line":10,"column":36}}]}},"s":{"0":2,"1":2,"2":2,"3":2,"4":2,"5":6,"6":1,"7":1,"8":3,"9":3,"10":1,"11":2,"12":1,"13":1,"14":0,"15":1,"16":1,"17":1,"18":0,"19":1,"20":2,"21":2},"f":{"0":6,"1":1,"2":1,"3":3,"4":1,"5":1},"b":{"0":[1,2],"1":[0,1],"2":[0,1],"3":[2,0],"4":[2,2]}}
,"C:\\Users\\Jcoln\\Downloads\\prueba-backend\\src\\producto\\dto\\create-producto.dto.ts": {"path":"C:\\Users\\Jcoln\\Downloads\\prueba-backend\\src\\producto\\dto\\create-producto.dto.ts","statementMap":{"0":{"start":{"line":1,"column":0},"end":{"line":1,"column":77}},"1":{"start":{"line":2,"column":0},"end":{"line":2,"column":46}},"2":{"start":{"line":4,"column":0},"end":{"line":4,"column":13}},"3":{"start":{"line":11,"column":2},"end":{"line":11,"column":null}},"4":{"start":{"line":20,"column":2},"end":{"line":20,"column":null}},"5":{"start":{"line":29,"column":2},"end":{"line":29,"column":null}}},"fnMap":{},"branchMap":{},"s":{"0":1,"1":1,"2":1,"3":1,"4":1,"5":1},"f":{},"b":{}}
,"C:\\Users\\Jcoln\\Downloads\\prueba-backend\\src\\producto\\dto\\update-producto.dto.ts": {"path":"C:\\Users\\Jcoln\\Downloads\\prueba-backend\\src\\producto\\dto\\update-producto.dto.ts","statementMap":{"0":{"start":{"line":1,"column":0},"end":{"line":1,"column":77}},"1":{"start":{"line":2,"column":0},"end":{"line":2,"column":54}},"2":{"start":{"line":4,"column":0},"end":{"line":4,"column":13}},"3":{"start":{"line":11,"column":2},"end":{"line":11,"column":null}},"4":{"start":{"line":20,"column":2},"end":{"line":20,"column":null}},"5":{"start":{"line":29,"column":2},"end":{"line":29,"column":null}}},"fnMap":{},"branchMap":{},"s":{"0":1,"1":1,"2":1,"3":1,"4":1,"5":1},"f":{},"b":{}}
}
